16:31:30:INFO: Loading data for group 1266
16:31:30:INFO: Loading buckets for group 1266
16:31:30:INFO: Loading members and users for group 1266
16:31:30:INFO: Loading accounts for group 1266
16:31:30:INFO: Loading allocations for group 1266
16:31:30:INFO: Loading contributions for group 1266
16:31:30:INFO: Loading transactions for group 1266
16:31:30:INFO: Loading comments for group 1266
16:32:50:INFO: Loading data for group 1266
16:32:50:INFO: Loading buckets for group 1266
16:32:50:INFO: Loading members and users for group 1266
16:32:50:INFO: Loading accounts for group 1266
16:32:50:INFO: Loading allocations for group 1266
16:32:50:INFO: Loading contributions for group 1266
16:32:50:INFO: Loading transactions for group 1266
16:32:50:INFO: Loading comments for group 1266
16:32:53:INFO: Loading data for group 1266
16:32:53:INFO: Loading buckets for group 1266
16:32:53:INFO: Loading members and users for group 1266
16:32:53:INFO: Loading accounts for group 1266
16:32:53:INFO: Loading allocations for group 1266
16:32:53:INFO: Loading contributions for group 1266
16:32:53:INFO: Loading transactions for group 1266
16:32:53:INFO: Loading comments for group 1266
16:33:26:INFO: Loading data for group 1266
16:33:26:INFO: Loading buckets for group 1266
16:33:26:INFO: Loading members and users for group 1266
16:33:26:INFO: Loading accounts for group 1266
16:33:26:INFO: Loading allocations for group 1266
16:33:26:INFO: Loading contributions for group 1266
16:33:26:INFO: Loading transactions for group 1266
16:33:26:INFO: Loading comments for group 1266
16:33:55:INFO: Loading data for group 1266
16:33:55:INFO: Loading buckets for group 1266
16:33:55:INFO: Loading members and users for group 1266
16:33:55:INFO: Loading accounts for group 1266
16:33:55:INFO: Loading allocations for group 1266
16:33:55:INFO: Loading contributions for group 1266
16:33:55:INFO: Loading transactions for group 1266
16:33:55:INFO: Loading comments for group 1266
16:34:38:INFO: Loading data for group 1266
16:34:38:INFO: Loading buckets for group 1266
16:34:38:INFO: Loading members and users for group 1266
16:34:38:INFO: Loading accounts for group 1266
16:34:38:INFO: Loading allocations for group 1266
16:34:38:INFO: Loading contributions for group 1266
16:34:38:INFO: Loading transactions for group 1266
16:34:38:INFO: Loading comments for group 1266
16:35:21:INFO: Loading data for group 1266
16:35:21:INFO: Loading buckets for group 1266
16:35:21:INFO: Loading members and users for group 1266
16:35:21:INFO: Loading accounts for group 1266
16:35:21:INFO: Loading allocations for group 1266
16:35:21:INFO: Loading contributions for group 1266
16:35:21:INFO: Loading transactions for group 1266
16:35:21:INFO: Loading comments for group 1266
16:36:31:INFO: Loading data for group 1266
16:36:31:INFO: Loading buckets for group 1266
16:36:31:INFO: Loading members and users for group 1266
16:36:31:INFO: Loading accounts for group 1266
16:36:31:INFO: Loading allocations for group 1266
16:36:31:INFO: Loading contributions for group 1266
16:36:31:INFO: Loading transactions for group 1266
16:36:31:INFO: Loading comments for group 1266
16:39:57:INFO: Loading data for group 1266
16:39:57:INFO: Loading buckets for group 1266
16:39:57:INFO: Loading members and users for group 1266
16:39:57:INFO: Loading accounts for group 1266
16:39:57:INFO: Loading allocations for group 1266
16:39:57:INFO: Loading contributions for group 1266
16:39:57:INFO: Loading transactions for group 1266
16:39:57:INFO: Loading comments for group 1266
16:39:57:INFO: Loading data for group 1803
16:39:57:INFO: Loading buckets for group 1803
16:39:57:INFO: Loading members and users for group 1803
16:39:57:INFO: Loading accounts for group 1803
16:39:57:INFO: Loading allocations for group 1803
16:39:57:INFO: Loading contributions for group 1803
16:39:57:INFO: Loading transactions for group 1803
16:39:57:INFO: Loading comments for group 1803
16:55:50:INFO: Loading data for group 1266
16:55:50:INFO: Loading buckets for group 1266
16:55:50:INFO: Loading members and users for group 1266
16:55:50:INFO: Loading accounts for group 1266
16:55:50:INFO: Loading allocations for group 1266
16:55:50:INFO: Loading contributions for group 1266
16:55:50:INFO: Loading transactions for group 1266
16:55:50:INFO: Loading comments for group 1266
16:55:50:INFO: Loading data for group 1803
16:55:50:INFO: Loading buckets for group 1803
16:55:50:INFO: Loading members and users for group 1803
16:55:50:INFO: Loading accounts for group 1803
16:55:50:INFO: Loading allocations for group 1803
16:55:50:INFO: Loading contributions for group 1803
16:55:50:INFO: Loading transactions for group 1803
16:55:50:INFO: Loading comments for group 1803
16:56:28:INFO: Loading data for group 1266
16:56:28:INFO: Loading buckets for group 1266
16:56:28:INFO: Loading members and users for group 1266
16:56:28:INFO: Loading accounts for group 1266
16:56:28:INFO: Loading allocations for group 1266
16:56:28:INFO: Loading contributions for group 1266
16:56:28:INFO: Loading transactions for group 1266
16:56:28:INFO: Loading comments for group 1266
16:56:28:INFO: Loading data for group 1803
16:56:28:INFO: Loading buckets for group 1803
16:56:28:INFO: Loading members and users for group 1803
16:56:28:INFO: Loading accounts for group 1803
16:56:28:INFO: Loading allocations for group 1803
16:56:28:INFO: Loading contributions for group 1803
16:56:28:INFO: Loading transactions for group 1803
16:56:28:INFO: Loading comments for group 1803
16:57:28:INFO: Loading data for group 1266
16:57:28:INFO: Loading buckets for group 1266
16:57:28:INFO: Loading members and users for group 1266
16:57:28:INFO: Loading accounts for group 1266
16:57:28:INFO: Loading allocations for group 1266
16:57:28:INFO: Loading contributions for group 1266
16:57:28:INFO: Loading transactions for group 1266
16:57:28:INFO: Loading comments for group 1266
16:57:28:INFO: Loading data for group 1803
16:57:28:INFO: Loading buckets for group 1803
16:57:28:INFO: Loading members and users for group 1803
16:57:28:INFO: Loading accounts for group 1803
16:57:28:INFO: Loading allocations for group 1803
16:57:28:INFO: Loading contributions for group 1803
16:57:28:INFO: Loading transactions for group 1803
16:57:28:INFO: Loading comments for group 1803
17:02:43:INFO: Loading data for group 1266
17:02:43:INFO: Loading buckets for group 1266
17:02:43:INFO: Loading members and users for group 1266
17:02:43:INFO: Loading accounts for group 1266
17:02:43:INFO: Loading allocations for group 1266
17:02:43:INFO: Loading contributions for group 1266
17:02:43:INFO: Loading transactions for group 1266
17:02:43:INFO: Loading comments for group 1266
17:02:43:INFO: Loading data for group 1803
17:02:43:INFO: Loading buckets for group 1803
17:02:43:INFO: Loading members and users for group 1803
17:02:43:INFO: Loading accounts for group 1803
17:02:43:INFO: Loading allocations for group 1803
17:02:43:INFO: Loading contributions for group 1803
17:02:43:INFO: Loading transactions for group 1803
17:02:43:INFO: Loading comments for group 1803
17:06:09:INFO: Loading data for group 1266
17:06:09:INFO: Loading buckets for group 1266
17:06:09:INFO: Loading members and users for group 1266
17:06:09:INFO: Loading accounts for group 1266
17:06:09:INFO: Loading allocations for group 1266
17:06:09:INFO: Loading contributions for group 1266
17:06:09:INFO: Loading transactions for group 1266
17:06:09:INFO: Loading comments for group 1266
17:06:09:INFO: Loading data for group 1803
17:06:09:INFO: Loading buckets for group 1803
17:06:09:INFO: Loading members and users for group 1803
17:06:09:INFO: Loading accounts for group 1803
17:06:09:INFO: Loading allocations for group 1803
17:06:09:INFO: Loading contributions for group 1803
17:06:09:INFO: Loading transactions for group 1803
17:06:09:INFO: Loading comments for group 1803
17:08:06:INFO: Loading data for group 1266
17:08:06:INFO: Loading buckets for group 1266
17:08:06:INFO: Loading members and users for group 1266
17:08:06:INFO: Loading accounts for group 1266
17:08:06:INFO: Loading allocations for group 1266
17:08:06:INFO: Loading contributions for group 1266
17:08:06:INFO: Loading transactions for group 1266
17:08:06:INFO: Loading comments for group 1266
17:08:06:INFO: Loading data for group 1803
17:08:06:INFO: Loading buckets for group 1803
17:08:06:INFO: Loading members and users for group 1803
17:08:06:INFO: Loading accounts for group 1803
17:08:06:INFO: Loading allocations for group 1803
17:08:06:INFO: Loading contributions for group 1803
17:08:06:INFO: Loading transactions for group 1803
17:08:06:INFO: Loading comments for group 1803
17:41:46:INFO: Loading data for group 1266
17:41:46:INFO: Loading buckets for group 1266
17:41:46:INFO: Loading members and users for group 1266
17:41:46:INFO: Loading accounts for group 1266
17:41:46:INFO: Loading allocations for group 1266
17:41:46:INFO: Loading contributions for group 1266
17:41:46:INFO: Loading transactions for group 1266
17:41:46:INFO: Loading comments for group 1266
17:42:06:INFO: Loading data for group 1266
17:42:06:INFO: Loading buckets for group 1266
17:42:06:INFO: Loading members and users for group 1266
17:42:06:INFO: Loading accounts for group 1266
17:42:06:INFO: Loading allocations for group 1266
17:42:06:INFO: Loading contributions for group 1266
17:42:06:INFO: Loading transactions for group 1266
17:42:06:INFO: Loading comments for group 1266
17:42:06:INFO: Loading data for group 1803
17:42:06:INFO: Loading buckets for group 1803
17:42:06:INFO: Loading members and users for group 1803
17:42:06:INFO: Loading accounts for group 1803
17:42:06:INFO: Loading allocations for group 1803
17:42:06:INFO: Loading contributions for group 1803
17:42:06:INFO: Loading transactions for group 1803
17:42:06:INFO: Loading comments for group 1803
17:42:56:INFO: Loading data for group 1266
17:42:56:INFO: Loading buckets for group 1266
17:42:56:INFO: Loading members and users for group 1266
17:42:56:INFO: Loading accounts for group 1266
17:42:56:INFO: Loading allocations for group 1266
17:42:56:INFO: Loading contributions for group 1266
17:42:56:INFO: Loading transactions for group 1266
17:42:56:INFO: Loading comments for group 1266
17:42:56:INFO: Loading data for group 1803
17:42:56:INFO: Loading buckets for group 1803
17:42:56:INFO: Loading members and users for group 1803
17:42:56:INFO: Loading accounts for group 1803
17:42:56:INFO: Loading allocations for group 1803
17:42:56:INFO: Loading contributions for group 1803
17:42:56:INFO: Loading transactions for group 1803
17:42:56:INFO: Loading comments for group 1803
20:13:16:INFO: Loading data for group 1266
20:13:16:INFO: Loading buckets for group 1266
20:13:16:INFO: Loading members and users for group 1266
20:13:16:INFO: Loading accounts for group 1266
20:13:16:INFO: Loading allocations for group 1266
20:13:16:INFO: Loading contributions for group 1266
20:13:16:INFO: Loading transactions for group 1266
20:13:16:INFO: Loading comments for group 1266
20:13:16:INFO: Loading data for group 1803
20:13:16:INFO: Loading buckets for group 1803
20:13:16:INFO: Loading members and users for group 1803
20:13:16:INFO: Loading accounts for group 1803
20:13:16:INFO: Loading allocations for group 1803
20:13:16:INFO: Loading contributions for group 1803
20:13:16:INFO: Loading transactions for group 1803
20:13:16:INFO: Loading comments for group 1803
21:11:39:INFO: Loading data for group 1266
21:11:39:INFO: Loading buckets for group 1266
21:11:39:INFO: Loading members and users for group 1266
21:11:39:INFO: Loading accounts for group 1266
21:11:39:INFO: Loading allocations for group 1266
21:11:39:INFO: Loading contributions for group 1266
21:11:39:INFO: Loading transactions for group 1266
21:11:39:INFO: Loading comments for group 1266
21:11:39:INFO: Loading data for group 1803
21:11:39:INFO: Loading buckets for group 1803
21:11:39:INFO: Loading members and users for group 1803
21:11:39:INFO: Loading accounts for group 1803
21:11:39:INFO: Loading allocations for group 1803
21:11:39:INFO: Loading contributions for group 1803
21:11:39:INFO: Loading transactions for group 1803
21:11:39:INFO: Loading comments for group 1803
21:11:39:INFO: Loading data for group 1660
21:11:39:INFO: Loading buckets for group 1660
21:11:39:INFO: Loading members and users for group 1660
21:11:39:INFO: Loading accounts for group 1660
21:11:39:INFO: Loading allocations for group 1660
21:11:39:INFO: Loading contributions for group 1660
21:11:39:INFO: Loading transactions for group 1660
21:11:39:INFO: Loading comments for group 1660
21:11:47:INFO: Loading data for group 1266
21:11:47:INFO: Loading buckets for group 1266
21:11:47:INFO: Loading members and users for group 1266
21:11:47:INFO: Loading accounts for group 1266
21:11:47:INFO: Loading allocations for group 1266
21:11:47:INFO: Loading contributions for group 1266
21:11:47:INFO: Loading transactions for group 1266
21:11:47:INFO: Loading comments for group 1266
21:11:47:INFO: Loading data for group 1803
21:11:47:INFO: Loading buckets for group 1803
21:11:47:INFO: Loading members and users for group 1803
21:11:47:INFO: Loading accounts for group 1803
21:11:47:INFO: Loading allocations for group 1803
21:11:47:INFO: Loading contributions for group 1803
21:11:47:INFO: Loading transactions for group 1803
21:11:47:INFO: Loading comments for group 1803
21:11:47:INFO: Loading data for group 1661
21:11:47:INFO: Loading buckets for group 1661
21:11:47:INFO: Loading members and users for group 1661
21:11:47:INFO: Loading accounts for group 1661
21:11:47:INFO: Loading allocations for group 1661
21:11:47:INFO: Loading contributions for group 1661
21:11:47:INFO: Loading transactions for group 1661
21:11:47:INFO: Loading comments for group 1661
21:12:38:INFO: Loading data for group 1266
21:12:38:INFO: Loading buckets for group 1266
21:12:38:INFO: Loading members and users for group 1266
21:12:38:INFO: Loading accounts for group 1266
21:12:38:INFO: Loading allocations for group 1266
21:12:38:INFO: Loading contributions for group 1266
21:12:38:INFO: Loading transactions for group 1266
21:12:38:INFO: Loading comments for group 1266
21:12:38:INFO: Loading data for group 1803
21:12:38:INFO: Loading buckets for group 1803
21:12:38:INFO: Loading members and users for group 1803
21:12:38:INFO: Loading accounts for group 1803
21:12:38:INFO: Loading allocations for group 1803
21:12:38:INFO: Loading contributions for group 1803
21:12:38:INFO: Loading transactions for group 1803
21:12:38:INFO: Loading comments for group 1803
21:12:38:INFO: Loading data for group 52
21:12:38:INFO: Loading buckets for group 52
21:12:38:INFO: Loading members and users for group 52
21:12:38:INFO: Loading accounts for group 52
21:12:38:INFO: Loading allocations for group 52
21:12:38:INFO: Loading contributions for group 52
21:12:38:INFO: Loading transactions for group 52
21:12:38:INFO: Loading comments for group 52
21:15:08:INFO: Loading data for group 52
21:15:08:INFO: Loading buckets for group 52
21:15:08:INFO: Loading members and users for group 52
21:15:08:INFO: Loading accounts for group 52
21:15:08:INFO: Loading allocations for group 52
21:15:08:INFO: Loading contributions for group 52
21:15:08:INFO: Loading transactions for group 52
21:15:08:INFO: Loading comments for group 52
21:16:36:INFO: Loading data for group 52
21:16:36:INFO: Loading buckets for group 52
21:16:36:INFO: Loading members and users for group 52
21:16:36:INFO: Loading accounts for group 52
21:16:36:INFO: Loading allocations for group 52
21:16:36:INFO: Loading contributions for group 52
21:16:36:INFO: Loading transactions for group 52
21:16:36:INFO: Loading comments for group 52
21:51:59:INFO: Loading data for group 52
21:51:59:INFO: Loading buckets for group 52
21:51:59:INFO: Loading members and users for group 52
21:51:59:INFO: Loading accounts for group 52
21:51:59:INFO: Loading allocations for group 52
21:51:59:INFO: Loading contributions for group 52
21:51:59:INFO: Loading transactions for group 52
21:51:59:INFO: Loading comments for group 52
22:08:21:INFO: Loading data for group 52
22:08:21:INFO: Loading buckets for group 52
22:08:21:INFO: Loading members and users for group 52
22:08:21:INFO: Loading accounts for group 52
22:08:21:INFO: Loading allocations for group 52
22:08:21:INFO: Loading contributions for group 52
22:08:21:INFO: Loading transactions for group 52
22:08:21:INFO: Loading comments for group 52
22:09:00:INFO: Loading data for group 52
22:09:00:INFO: Loading buckets for group 52
22:09:00:INFO: Loading members and users for group 52
22:09:00:INFO: Loading accounts for group 52
22:09:00:INFO: Loading allocations for group 52
22:09:00:INFO: Loading contributions for group 52
22:09:00:INFO: Loading transactions for group 52
22:09:00:INFO: Loading comments for group 52
22:18:34:INFO: Loading data for group 52
22:18:34:INFO: Loading buckets for group 52
22:18:34:INFO: Loading members and users for group 52
22:18:34:INFO: Loading accounts for group 52
22:18:34:INFO: Loading allocations for group 52
22:18:34:INFO: Loading contributions for group 52
22:18:34:INFO: Loading transactions for group 52
22:18:34:INFO: Loading comments for group 52
22:20:45:INFO: Loading data for group 52
22:20:45:INFO: Loading buckets for group 52
22:20:45:INFO: Loading members and users for group 52
22:20:45:INFO: Loading accounts for group 52
22:20:45:INFO: Loading allocations for group 52
22:20:45:INFO: Loading contributions for group 52
22:20:45:INFO: Loading transactions for group 52
22:20:45:INFO: Loading comments for group 52
22:30:54:INFO: Loading data for group 1266
22:30:54:INFO: Loading buckets for group 1266
22:30:54:INFO: Loading members and users for group 1266
22:30:54:INFO: Loading accounts for group 1266
22:30:54:INFO: Loading allocations for group 1266
22:30:54:INFO: Loading contributions for group 1266
22:30:54:INFO: Loading transactions for group 1266
22:30:54:INFO: Loading comments for group 1266
22:54:36:INFO: Loading data for group 1266
22:54:36:INFO: Loading buckets for group 1266
22:54:36:INFO: Loading members and users for group 1266
22:54:36:INFO: Loading accounts for group 1266
22:54:36:INFO: Loading allocations for group 1266
22:54:36:INFO: Loading contributions for group 1266
22:54:36:INFO: Loading transactions for group 1266
22:54:36:INFO: Loading comments for group 1266
00:51:21:INFO: Loading data for group 1266
00:51:21:INFO: Loading buckets for group 1266
00:51:21:INFO: Loading members and users for group 1266
00:51:21:INFO: Loading accounts for group 1266
00:51:21:INFO: Loading allocations for group 1266
00:51:21:INFO: Loading contributions for group 1266
00:51:21:INFO: Loading transactions for group 1266
00:51:21:INFO: Loading comments for group 1266
00:51:56:INFO: Loading data for group 1266
00:51:56:INFO: Loading buckets for group 1266
00:51:56:INFO: Loading members and users for group 1266
00:51:56:INFO: Loading accounts for group 1266
00:51:56:INFO: Loading allocations for group 1266
00:51:56:INFO: Loading contributions for group 1266
00:51:56:INFO: Loading transactions for group 1266
00:51:56:INFO: Loading comments for group 1266
00:56:14:INFO: Loading data for group 1266
00:56:14:INFO: Loading buckets for group 1266
00:56:14:INFO: Loading members and users for group 1266
00:56:14:INFO: Loading accounts for group 1266
00:56:14:INFO: Loading allocations for group 1266
00:56:14:INFO: Loading contributions for group 1266
00:56:14:INFO: Loading transactions for group 1266
00:56:14:INFO: Loading comments for group 1266
00:59:41:INFO: Loading data for group 1266
00:59:41:INFO: Loading buckets for group 1266
00:59:41:INFO: Loading members and users for group 1266
00:59:41:INFO: Loading accounts for group 1266
00:59:41:INFO: Loading allocations for group 1266
00:59:41:INFO: Loading contributions for group 1266
00:59:41:INFO: Loading transactions for group 1266
00:59:41:INFO: Loading comments for group 1266
21:44:08:INFO: Loading data for group 1266
21:44:08:INFO: Loading buckets for group 1266
21:44:08:INFO: Loading members and users for group 1266
21:44:08:INFO: Loading accounts for group 1266
21:44:08:INFO: Loading allocations for group 1266
21:44:08:INFO: Loading contributions for group 1266
21:44:08:INFO: Loading transactions for group 1266
21:44:08:INFO: Loading comments for group 1266
22:31:47:INFO: Loading data for group 1266
22:31:47:INFO: Loading buckets for group 1266
22:31:47:INFO: Loading members and users for group 1266
22:31:47:INFO: Loading accounts for group 1266
22:31:47:INFO: Loading allocations for group 1266
22:31:47:INFO: Loading contributions for group 1266
22:31:47:INFO: Loading transactions for group 1266
22:31:47:INFO: Loading comments for group 1266
22:32:12:INFO: Loading data for group 1266
22:32:12:INFO: Loading buckets for group 1266
22:32:12:INFO: Loading members and users for group 1266
22:32:12:INFO: Loading accounts for group 1266
22:32:12:INFO: Loading allocations for group 1266
22:32:12:INFO: Loading contributions for group 1266
22:32:12:INFO: Loading transactions for group 1266
22:32:12:INFO: Loading comments for group 1266
22:32:34:INFO: Loading data for group 1266
22:32:34:INFO: Loading buckets for group 1266
22:32:34:INFO: Loading members and users for group 1266
22:32:34:INFO: Loading accounts for group 1266
22:32:34:INFO: Loading allocations for group 1266
22:32:34:INFO: Loading contributions for group 1266
22:32:34:INFO: Loading transactions for group 1266
22:32:34:INFO: Loading comments for group 1266
22:35:05:INFO: Loading data for group 1266
22:35:05:INFO: Loading buckets for group 1266
22:35:05:INFO: Loading members and users for group 1266
22:35:05:INFO: Loading accounts for group 1266
22:35:05:INFO: Loading allocations for group 1266
22:35:05:INFO: Loading contributions for group 1266
22:35:05:INFO: Loading transactions for group 1266
22:35:05:INFO: Loading comments for group 1266
22:35:42:INFO: Loading data for group 1266
22:35:42:INFO: Loading buckets for group 1266
22:35:42:INFO: Loading members and users for group 1266
22:35:42:INFO: Loading accounts for group 1266
22:35:42:INFO: Loading allocations for group 1266
22:35:42:INFO: Loading contributions for group 1266
22:35:42:INFO: Loading transactions for group 1266
22:35:42:INFO: Loading comments for group 1266
22:36:00:INFO: Loading data for group 1266
22:36:00:INFO: Loading buckets for group 1266
22:36:00:INFO: Loading members and users for group 1266
22:36:00:INFO: Loading accounts for group 1266
22:36:00:INFO: Loading allocations for group 1266
22:36:00:INFO: Loading contributions for group 1266
22:36:00:INFO: Loading transactions for group 1266
22:36:00:INFO: Loading comments for group 1266
22:36:14:INFO: Loading data for group 1266
22:36:14:INFO: Loading buckets for group 1266
22:36:14:INFO: Loading members and users for group 1266
22:36:14:INFO: Loading accounts for group 1266
22:36:14:INFO: Loading allocations for group 1266
22:36:14:INFO: Loading contributions for group 1266
22:36:14:INFO: Loading transactions for group 1266
22:36:14:INFO: Loading comments for group 1266
22:37:00:INFO: Loading data for group 1266
22:37:00:INFO: Loading buckets for group 1266
22:37:00:INFO: Loading members and users for group 1266
22:37:00:INFO: Loading accounts for group 1266
22:37:00:INFO: Loading allocations for group 1266
22:37:00:INFO: Loading contributions for group 1266
22:37:00:INFO: Loading transactions for group 1266
22:37:00:INFO: Loading comments for group 1266
22:37:23:INFO: Loading data for group 1266
22:37:23:INFO: Loading buckets for group 1266
22:37:23:INFO: Loading members and users for group 1266
22:37:23:INFO: Loading accounts for group 1266
22:37:23:INFO: Loading allocations for group 1266
22:37:23:INFO: Loading contributions for group 1266
22:37:23:INFO: Loading transactions for group 1266
22:37:23:INFO: Loading comments for group 1266
22:38:09:INFO: Loading data for group 1266
22:38:09:INFO: Loading buckets for group 1266
22:38:09:INFO: Loading members and users for group 1266
22:38:09:INFO: Loading accounts for group 1266
22:38:09:INFO: Loading allocations for group 1266
22:38:09:INFO: Loading contributions for group 1266
22:38:09:INFO: Loading transactions for group 1266
22:38:09:INFO: Loading comments for group 1266
22:38:40:INFO: Loading data for group 1266
22:38:40:INFO: Loading buckets for group 1266
22:38:40:INFO: Loading members and users for group 1266
22:38:40:INFO: Loading accounts for group 1266
22:38:40:INFO: Loading allocations for group 1266
22:38:40:INFO: Loading contributions for group 1266
22:38:40:INFO: Loading transactions for group 1266
22:38:40:INFO: Loading comments for group 1266
22:38:50:INFO: Loading data for group 1266
22:38:50:INFO: Loading buckets for group 1266
22:38:50:INFO: Loading members and users for group 1266
22:38:50:INFO: Loading accounts for group 1266
22:38:50:INFO: Loading allocations for group 1266
22:38:50:INFO: Loading contributions for group 1266
22:38:50:INFO: Loading transactions for group 1266
22:38:50:INFO: Loading comments for group 1266
22:39:46:INFO: Loading data for group 1266
22:39:46:INFO: Loading buckets for group 1266
22:39:46:INFO: Loading members and users for group 1266
22:39:46:INFO: Loading accounts for group 1266
22:39:46:INFO: Loading allocations for group 1266
22:39:46:INFO: Loading contributions for group 1266
22:39:46:INFO: Loading transactions for group 1266
22:39:46:INFO: Loading comments for group 1266
22:39:53:INFO: Loading data for group 1266
22:39:53:INFO: Loading buckets for group 1266
22:39:53:INFO: Loading members and users for group 1266
22:39:53:INFO: Loading accounts for group 1266
22:39:53:INFO: Loading allocations for group 1266
22:39:53:INFO: Loading contributions for group 1266
22:39:53:INFO: Loading transactions for group 1266
22:39:53:INFO: Loading comments for group 1266
22:40:09:INFO: Loading data for group 1266
22:40:09:INFO: Loading buckets for group 1266
22:40:09:INFO: Loading members and users for group 1266
22:40:09:INFO: Loading accounts for group 1266
22:40:09:INFO: Loading allocations for group 1266
22:40:09:INFO: Loading contributions for group 1266
22:40:09:INFO: Loading transactions for group 1266
22:40:09:INFO: Loading comments for group 1266
22:40:23:INFO: Loading data for group 1266
22:40:23:INFO: Loading buckets for group 1266
22:40:23:INFO: Loading members and users for group 1266
22:40:23:INFO: Loading accounts for group 1266
22:40:23:INFO: Loading allocations for group 1266
22:40:23:INFO: Loading contributions for group 1266
22:40:23:INFO: Loading transactions for group 1266
22:40:23:INFO: Loading comments for group 1266
22:40:27:INFO: Loading data for group 1266
22:40:27:INFO: Loading buckets for group 1266
22:40:27:INFO: Loading members and users for group 1266
22:40:27:INFO: Loading accounts for group 1266
22:40:27:INFO: Loading allocations for group 1266
22:40:27:INFO: Loading contributions for group 1266
22:40:27:INFO: Loading transactions for group 1266
22:40:27:INFO: Loading comments for group 1266
22:41:16:INFO: Loading data for group 1266
22:41:16:INFO: Loading buckets for group 1266
22:41:16:INFO: Loading members and users for group 1266
22:41:16:INFO: Loading accounts for group 1266
22:41:16:INFO: Loading allocations for group 1266
22:41:16:INFO: Loading contributions for group 1266
22:41:16:INFO: Loading transactions for group 1266
22:41:16:INFO: Loading comments for group 1266
22:41:32:INFO: Loading data for group 1266
22:41:32:INFO: Loading buckets for group 1266
22:41:32:INFO: Loading members and users for group 1266
22:41:32:INFO: Loading accounts for group 1266
22:41:32:INFO: Loading allocations for group 1266
22:41:32:INFO: Loading contributions for group 1266
22:41:32:INFO: Loading transactions for group 1266
22:41:32:INFO: Loading comments for group 1266
22:56:13:INFO: Loading data for group 1266
22:56:13:INFO: Loading buckets for group 1266
22:56:13:INFO: Loading members and users for group 1266
22:56:13:INFO: Loading accounts for group 1266
22:56:13:INFO: Loading allocations for group 1266
22:56:13:INFO: Loading contributions for group 1266
22:56:13:INFO: Loading transactions for group 1266
22:56:13:INFO: Loading comments for group 1266
23:00:34:INFO: Loading data for group 1266
23:00:34:INFO: Loading buckets for group 1266
23:00:34:INFO: Loading members and users for group 1266
23:00:34:INFO: Loading accounts for group 1266
23:00:34:INFO: Loading allocations for group 1266
23:00:34:INFO: Loading contributions for group 1266
23:00:34:INFO: Loading transactions for group 1266
23:00:34:INFO: Loading comments for group 1266
23:11:25:INFO: Loading data for group 1266
23:11:25:INFO: Loading buckets for group 1266
23:11:25:INFO: Loading members and users for group 1266
23:11:25:INFO: Loading accounts for group 1266
23:11:25:INFO: Loading allocations for group 1266
23:11:25:INFO: Loading contributions for group 1266
23:11:25:INFO: Loading transactions for group 1266
23:11:25:INFO: Loading comments for group 1266
23:12:44:INFO: Loading data for group 1266
23:12:44:INFO: Loading buckets for group 1266
23:12:44:INFO: Loading members and users for group 1266
23:12:44:INFO: Loading accounts for group 1266
23:12:44:INFO: Loading allocations for group 1266
23:12:44:INFO: Loading contributions for group 1266
23:12:44:INFO: Loading transactions for group 1266
23:12:44:INFO: Loading comments for group 1266
23:13:19:INFO: Loading data for group 1266
23:13:19:INFO: Loading buckets for group 1266
23:13:19:INFO: Loading members and users for group 1266
23:13:19:INFO: Loading accounts for group 1266
23:13:19:INFO: Loading allocations for group 1266
23:13:19:INFO: Loading contributions for group 1266
23:13:19:INFO: Loading transactions for group 1266
23:13:19:INFO: Loading comments for group 1266
23:13:56:INFO: Loading data for group 1266
23:13:56:INFO: Loading buckets for group 1266
23:13:56:INFO: Loading members and users for group 1266
23:13:56:INFO: Loading accounts for group 1266
23:13:56:INFO: Loading allocations for group 1266
23:13:56:INFO: Loading contributions for group 1266
23:13:56:INFO: Loading transactions for group 1266
23:13:56:INFO: Loading comments for group 1266
23:14:35:INFO: Loading data for group 1266
23:14:35:INFO: Loading buckets for group 1266
23:14:35:INFO: Loading members and users for group 1266
23:14:35:INFO: Loading accounts for group 1266
23:14:35:INFO: Loading allocations for group 1266
23:14:35:INFO: Loading contributions for group 1266
23:14:35:INFO: Loading transactions for group 1266
23:14:35:INFO: Loading comments for group 1266
23:22:29:INFO: Loading data for group 1266
23:22:29:INFO: Loading buckets for group 1266
23:22:29:INFO: Loading members and users for group 1266
23:22:29:INFO: Loading accounts for group 1266
23:22:29:INFO: Loading allocations for group 1266
23:22:29:INFO: Loading contributions for group 1266
23:22:29:INFO: Loading transactions for group 1266
23:22:29:INFO: Loading comments for group 1266
23:23:57:INFO: Loading data for group 1266
23:23:57:INFO: Loading buckets for group 1266
23:23:57:INFO: Loading members and users for group 1266
23:23:57:INFO: Loading accounts for group 1266
23:23:57:INFO: Loading allocations for group 1266
23:23:57:INFO: Loading contributions for group 1266
23:23:57:INFO: Loading transactions for group 1266
23:23:57:INFO: Loading comments for group 1266
23:27:49:INFO: Loading data for group 1266
23:27:49:INFO: Loading buckets for group 1266
23:27:49:INFO: Loading members and users for group 1266
23:27:49:INFO: Loading accounts for group 1266
23:27:49:INFO: Loading allocations for group 1266
23:27:49:INFO: Loading contributions for group 1266
23:27:49:INFO: Loading transactions for group 1266
23:27:49:INFO: Loading comments for group 1266
23:31:51:INFO: Loading data for group 1266
23:31:51:INFO: Loading buckets for group 1266
23:31:51:INFO: Loading members and users for group 1266
23:31:51:INFO: Loading accounts for group 1266
23:31:51:INFO: Loading allocations for group 1266
23:31:51:INFO: Loading contributions for group 1266
23:31:51:INFO: Loading transactions for group 1266
23:31:51:INFO: Loading comments for group 1266
23:31:58:INFO: Loading data for group 1266
23:31:58:INFO: Loading buckets for group 1266
23:31:58:INFO: Loading members and users for group 1266
23:31:58:INFO: Loading accounts for group 1266
23:31:58:INFO: Loading allocations for group 1266
23:31:58:INFO: Loading contributions for group 1266
23:31:58:INFO: Loading transactions for group 1266
23:31:58:INFO: Loading comments for group 1266
23:32:14:INFO: Loading data for group 1266
23:32:14:INFO: Loading buckets for group 1266
23:32:14:INFO: Loading members and users for group 1266
23:32:14:INFO: Loading accounts for group 1266
23:32:14:INFO: Loading allocations for group 1266
23:32:14:INFO: Loading contributions for group 1266
23:32:14:INFO: Loading transactions for group 1266
23:32:14:INFO: Loading comments for group 1266
15:55:10:INFO: Loading data for group 1266
15:55:10:INFO: Loading buckets for group 1266
15:55:10:INFO: Loading members and users for group 1266
15:55:10:INFO: Loading accounts for group 1266
15:55:10:INFO: Loading allocations for group 1266
15:55:10:INFO: Loading contributions for group 1266
15:55:10:INFO: Loading transactions for group 1266
15:55:10:INFO: Loading comments for group 1266
15:57:23:INFO: Loading data for group 1266
15:57:23:INFO: Loading buckets for group 1266
15:57:23:INFO: Loading members and users for group 1266
15:57:23:INFO: Loading accounts for group 1266
15:57:23:INFO: Loading allocations for group 1266
15:57:23:INFO: Loading contributions for group 1266
15:57:23:INFO: Loading transactions for group 1266
15:57:23:INFO: Loading comments for group 1266
15:58:16:INFO: Loading data for group 1266
15:58:16:INFO: Loading buckets for group 1266
15:58:16:INFO: Loading members and users for group 1266
15:58:16:INFO: Loading accounts for group 1266
15:58:16:INFO: Loading allocations for group 1266
15:58:16:INFO: Loading contributions for group 1266
15:58:16:INFO: Loading transactions for group 1266
15:58:16:INFO: Loading comments for group 1266
16:07:59:INFO: Loading data for group 1266
16:07:59:INFO: Loading buckets for group 1266
16:07:59:INFO: Loading members and users for group 1266
16:07:59:INFO: Loading accounts for group 1266
16:07:59:INFO: Loading allocations for group 1266
16:07:59:INFO: Loading contributions for group 1266
16:07:59:INFO: Loading transactions for group 1266
16:07:59:INFO: Loading comments for group 1266
16:08:45:INFO: Loading data for group 1266
16:08:45:INFO: Loading buckets for group 1266
16:08:45:INFO: Loading members and users for group 1266
16:08:45:INFO: Loading accounts for group 1266
16:08:45:INFO: Loading allocations for group 1266
16:08:45:INFO: Loading contributions for group 1266
16:08:45:INFO: Loading transactions for group 1266
16:08:45:INFO: Loading comments for group 1266
16:09:00:INFO: Loading data for group 1266
16:09:00:INFO: Loading buckets for group 1266
16:09:00:INFO: Loading members and users for group 1266
16:09:00:INFO: Loading accounts for group 1266
16:09:00:INFO: Loading allocations for group 1266
16:09:00:INFO: Loading contributions for group 1266
16:09:00:INFO: Loading transactions for group 1266
16:09:00:INFO: Loading comments for group 1266
16:19:13:INFO: Loading data for group 1266
16:19:13:INFO: Loading buckets for group 1266
16:19:13:INFO: Loading members and users for group 1266
16:19:13:INFO: Loading accounts for group 1266
16:19:13:INFO: Loading allocations for group 1266
16:19:13:INFO: Loading contributions for group 1266
16:19:13:INFO: Loading transactions for group 1266
16:19:13:INFO: Loading comments for group 1266
16:27:17:INFO: Loading data for group 1266
16:27:17:INFO: Loading buckets for group 1266
16:27:17:INFO: Loading members and users for group 1266
16:27:17:INFO: Loading accounts for group 1266
16:27:17:INFO: Loading allocations for group 1266
16:27:17:INFO: Loading contributions for group 1266
16:27:17:INFO: Loading transactions for group 1266
16:27:17:INFO: Loading comments for group 1266
