23:58:27:INFO: Loading data group 742
00:26:26:INFO: Loading data for group 742
00:27:18:INFO: Loading data for group 742
00:29:47:INFO: Loading data for group 742
00:34:34:INFO: Loading data for group 742
00:35:10:INFO: Loading data for group 742
00:35:26:INFO: Loading data for group 742
00:36:08:INFO: Loading data for group 742
00:36:59:INFO: Loading data for group 742
00:37:39:INFO: Loading data for group 742
00:43:33:INFO: Loading data for group 742
00:44:05:INFO: Loading data group 742
00:44:41:INFO: Loading data for group 742
00:49:29:INFO: Loading data for group 742
00:49:49:INFO: Loading data for group 742
00:51:23:INFO: Loading data for group 742
00:52:04:INFO: Loading data for group 742
00:52:18:INFO: Loading data for group 742
00:55:12:INFO: Loading data for group 742
00:57:51:INFO: Loading data for group 742
00:58:03:INFO: Loading data for group 742
00:58:41:INFO: Loading data for group 742
01:00:37:INFO: Loading data for group 742
01:02:10:INFO: Loading data for group 742
01:04:13:INFO: Loading data for group 742
01:05:07:INFO: Loading data for group 742
01:06:38:INFO: Loading data for group 742
01:08:58:INFO: Loading data for group 742
01:09:00:INFO: Loading data for group 742
01:14:10:INFO: Loading data for group 742
01:14:56:INFO: Loading data for group 742
01:16:57:INFO: Loading data for group 742
01:17:27:INFO: Loading data for group 742
01:17:48:INFO: Loading data for group 742
01:18:37:INFO: Loading data for group 742
01:20:22:INFO: Loading data for group 742
01:21:17:INFO: Loading data for group 742
01:22:50:INFO: Loading data for group 742
01:23:48:INFO: Loading data for group 742
01:25:54:INFO: Loading data for group 742
01:26:41:INFO: Loading data for group 742
01:26:46:INFO: Loading data for group 742
01:26:54:INFO: Loading data for group 742
01:27:02:INFO: Loading data for group 742
01:27:15:INFO: Loading data for group 742
01:27:20:INFO: Loading data for group 742
01:32:26:INFO: Loading data for group 742
01:37:40:INFO: Loading data for group 742
01:37:58:INFO: Loading data for group 742
01:39:37:INFO: Loading data for group 742
01:40:27:INFO: Loading data for group 742
01:40:59:INFO: Loading data for group 742
01:41:38:INFO: Loading data for group 742
01:42:47:INFO: Loading data for group 742
01:42:47:INFO: Loading data for group 255
01:42:58:INFO: Loading data for group 742
01:42:58:INFO: Loading data for group 255
02:01:28:INFO: Loading data for group 742
02:01:28:INFO: Loading buckets for group 742
02:01:28:INFO: Loading data for group 255
02:01:28:INFO: Loading buckets for group 255
15:52:14:INFO: Loading data for group 742
15:52:14:INFO: Loading buckets for group 742
15:52:14:INFO: Loading members and users for group 742
15:52:46:INFO: Loading data for group 742
15:52:46:INFO: Loading buckets for group 742
15:52:46:INFO: Loading members and users for group 742
15:55:22:INFO: Loading data for group 742
15:55:22:INFO: Loading buckets for group 742
15:55:22:INFO: Loading members and users for group 742
15:55:36:INFO: Loading data for group 742
15:55:36:INFO: Loading buckets for group 742
15:55:36:INFO: Loading members and users for group 742
15:56:33:INFO: Loading data for group 742
15:56:33:INFO: Loading buckets for group 742
15:56:33:INFO: Loading members and users for group 742
15:56:33:INFO: Loading data for group 255
15:56:33:INFO: Loading buckets for group 255
15:56:33:INFO: Loading members and users for group 255
15:57:47:INFO: Loading data for group 742
15:57:47:INFO: Loading buckets for group 742
15:57:47:INFO: Loading members and users for group 742
15:57:47:INFO: Loading data for group 255
15:57:47:INFO: Loading buckets for group 255
15:57:47:INFO: Loading members and users for group 255
15:58:09:INFO: Loading data for group 742
15:58:09:INFO: Loading buckets for group 742
15:58:09:INFO: Loading members and users for group 742
15:58:09:INFO: Loading data for group 255
15:58:09:INFO: Loading buckets for group 255
15:58:09:INFO: Loading members and users for group 255
16:00:25:INFO: Loading data for group 742
16:00:25:INFO: Loading buckets for group 742
16:00:25:INFO: Loading members and users for group 742
16:00:25:INFO: Loading data for group 255
16:00:25:INFO: Loading buckets for group 255
16:00:25:INFO: Loading members and users for group 255
16:05:53:INFO: Loading data for group 742
16:05:53:INFO: Loading buckets for group 742
16:05:53:INFO: Loading members and users for group 742
16:05:53:INFO: Loading data for group 255
16:05:53:INFO: Loading buckets for group 255
16:05:53:INFO: Loading members and users for group 255
16:06:51:INFO: Loading data for group 742
16:06:51:INFO: Loading buckets for group 742
16:06:51:INFO: Loading members and users for group 742
16:06:51:INFO: Loading data for group 255
16:06:51:INFO: Loading buckets for group 255
16:06:51:INFO: Loading members and users for group 255
16:07:28:INFO: Loading data for group 742
16:07:28:INFO: Loading buckets for group 742
16:07:28:INFO: Loading members and users for group 742
16:07:28:INFO: Loading data for group 255
16:07:28:INFO: Loading buckets for group 255
16:07:28:INFO: Loading members and users for group 255
16:07:41:INFO: Loading data for group 742
16:07:41:INFO: Loading buckets for group 742
16:07:41:INFO: Loading members and users for group 742
16:07:41:INFO: Loading data for group 255
16:07:41:INFO: Loading buckets for group 255
16:07:41:INFO: Loading members and users for group 255
16:16:04:INFO: Loading data for group 742
16:16:04:INFO: Loading buckets for group 742
16:16:04:INFO: Loading members and users for group 742
16:16:04:INFO: Loading data for group 255
16:16:04:INFO: Loading buckets for group 255
16:16:04:INFO: Loading members and users for group 255
16:16:28:INFO: Loading data for group 742
16:16:28:INFO: Loading buckets for group 742
16:16:28:INFO: Loading members and users for group 742
16:16:28:INFO: Loading data for group 255
16:16:28:INFO: Loading buckets for group 255
16:16:28:INFO: Loading members and users for group 255
16:18:17:INFO: Loading data for group 742
16:18:17:INFO: Loading buckets for group 742
16:18:17:INFO: Loading members and users for group 742
16:18:17:INFO: Loading data for group 255
16:18:17:INFO: Loading buckets for group 255
16:18:17:INFO: Loading members and users for group 255
17:12:25:INFO: Loading data for group 742
17:12:25:INFO: Loading buckets for group 742
17:12:25:INFO: Loading members and users for group 742
17:12:25:INFO: Loading allocations for group 742
17:13:33:INFO: Loading data for group 742
17:13:33:INFO: Loading buckets for group 742
17:13:33:INFO: Loading members and users for group 742
17:13:33:INFO: Loading allocations for group 742
17:13:33:INFO: Loading contributions for group 742
17:16:46:INFO: Loading data for group 742
17:16:46:INFO: Loading buckets for group 742
17:16:46:INFO: Loading members and users for group 742
17:16:46:INFO: Loading allocations for group 742
17:16:46:INFO: Loading contributions for group 742
17:17:02:INFO: Loading data for group 742
17:17:02:INFO: Loading buckets for group 742
17:17:02:INFO: Loading members and users for group 742
17:17:02:INFO: Loading allocations for group 742
17:17:02:INFO: Loading contributions for group 742
17:17:13:INFO: Loading data for group 742
17:17:13:INFO: Loading buckets for group 742
17:17:13:INFO: Loading members and users for group 742
17:17:13:INFO: Loading allocations for group 742
17:17:13:INFO: Loading contributions for group 742
17:17:13:INFO: Loading transactions for group 742
17:44:31:INFO: Loading data for group 742
17:44:31:INFO: Loading buckets for group 742
17:44:31:INFO: Loading members and users for group 742
17:44:31:INFO: Loading accounts for group 742
17:44:31:INFO: Loading allocations for group 742
17:44:31:INFO: Loading contributions for group 742
17:44:31:INFO: Loading transactions for group 742
17:44:31:INFO: Loading comments for group 742
17:44:42:INFO: Loading data for group 742
17:44:42:INFO: Loading buckets for group 742
17:44:42:INFO: Loading members and users for group 742
17:44:42:INFO: Loading accounts for group 742
17:44:42:INFO: Loading allocations for group 742
17:44:42:INFO: Loading contributions for group 742
17:44:42:INFO: Loading transactions for group 742
17:44:42:INFO: Loading comments for group 742
17:49:22:INFO: Loading data for group 742
17:49:22:INFO: Loading buckets for group 742
17:49:22:INFO: Loading members and users for group 742
17:49:22:INFO: Loading accounts for group 742
17:49:22:INFO: Loading allocations for group 742
17:49:22:INFO: Loading contributions for group 742
17:49:22:INFO: Loading transactions for group 742
17:49:22:INFO: Loading comments for group 742
17:49:36:INFO: Loading data for group 742
17:49:36:INFO: Loading buckets for group 742
17:49:36:INFO: Loading members and users for group 742
17:49:36:INFO: Loading accounts for group 742
17:49:36:INFO: Loading allocations for group 742
17:49:36:INFO: Loading contributions for group 742
17:49:36:INFO: Loading transactions for group 742
17:49:36:INFO: Loading comments for group 742
17:49:36:INFO: Loading data for group 255
17:49:36:INFO: Loading buckets for group 255
17:49:36:INFO: Loading members and users for group 255
17:49:36:INFO: Loading accounts for group 255
17:49:36:INFO: Loading allocations for group 255
17:49:36:INFO: Loading contributions for group 255
17:49:36:INFO: Loading transactions for group 255
17:49:36:INFO: Loading comments for group 255
17:51:59:INFO: Loading data for group 1266
17:51:59:INFO: Loading buckets for group 1266
17:51:59:INFO: Loading members and users for group 1266
17:51:59:INFO: Loading accounts for group 1266
17:51:59:INFO: Loading allocations for group 1266
17:51:59:INFO: Loading contributions for group 1266
17:51:59:INFO: Loading transactions for group 1266
17:51:59:INFO: Loading comments for group 1266
17:55:52:INFO: Loading data for group 1266
17:55:52:INFO: Loading buckets for group 1266
17:55:52:INFO: Loading members and users for group 1266
17:55:52:INFO: Loading accounts for group 1266
17:55:52:INFO: Loading allocations for group 1266
17:55:52:INFO: Loading contributions for group 1266
17:55:52:INFO: Loading transactions for group 1266
17:55:52:INFO: Loading comments for group 1266
